<?xml version="1.0" encoding="UTF-8"?>
<!-- Generated by org.testng.reporters.JUnitReportReporter -->
<testsuite hostname="Santoshi" failures="0" tests="2" name="testng.ngsantax" time="0.020" errors="0" timestamp="2022-08-01T14:10:04 IST" skipped="0">
  <testcase classname="testng.ngsantax" name="test" time="0.015"/>
  <system-out/>
  <testcase classname="testng.ngsantax" name="test2" time="0.005"/>
  <system-out/>
</testsuite> <!-- testng.ngsantax -->
